Using pre-set license
Built from '2021.3/staging' branch; Version is '2021.3.11f1 (0a5ca18544bf) revision 679073'; Using compiler version '192829333'; Build Type 'Release'
OS: 'Windows 11  (10.0.22000) 64bit Core' Language: 'en' Physical Memory: 32509 MB
BatchMode: 1, IsHumanControllingUs: 0, StartBugReporterOnCrash: 0, Is64bit: 1, IsPro: 1

COMMAND LINE ARGUMENTS:
C:\Program Files\Unity 2021.3.11f1\Editor\Unity.exe
-adb2
-batchMode
-noUpm
-name
AssetImportWorker2
-projectPath
C:/Users/hutch/OneDrive/Documents/GitHub/HeartBeat
-logFile
Logs/AssetImportWorker2.log
-srvPort
50841
Successfully changed project path to: C:/Users/hutch/OneDrive/Documents/GitHub/HeartBeat
C:/Users/hutch/OneDrive/Documents/GitHub/HeartBeat
[UnityMemory] Configuration Parameters - Can be set up in boot.config
    "memorysetup-bucket-allocator-granularity=16"
    "memorysetup-bucket-allocator-bucket-count=8"
    "memorysetup-bucket-allocator-block-size=33554432"
    "memorysetup-bucket-allocator-block-count=8"
    "memorysetup-main-allocator-block-size=16777216"
    "memorysetup-thread-allocator-block-size=16777216"
    "memorysetup-gfx-main-allocator-block-size=16777216"
    "memorysetup-gfx-thread-allocator-block-size=16777216"
    "memorysetup-cache-allocator-block-size=4194304"
    "memorysetup-typetree-allocator-block-size=2097152"
    "memorysetup-profiler-bucket-allocator-granularity=16"
    "memorysetup-profiler-bucket-allocator-bucket-count=8"
    "memorysetup-profiler-bucket-allocator-block-size=33554432"
    "memorysetup-profiler-bucket-allocator-block-count=8"
    "memorysetup-profiler-allocator-block-size=16777216"
    "memorysetup-profiler-editor-allocator-block-size=1048576"
    "memorysetup-temp-allocator-size-main=16777216"
    "memorysetup-job-temp-allocator-block-size=2097152"
    "memorysetup-job-temp-allocator-block-size-background=1048576"
    "memorysetup-job-temp-allocator-reduction-small-platforms=262144"
    "memorysetup-temp-allocator-size-background-worker=32768"
    "memorysetup-temp-allocator-size-job-worker=262144"
    "memorysetup-temp-allocator-size-preload-manager=33554432"
    "memorysetup-temp-allocator-size-nav-mesh-worker=65536"
    "memorysetup-temp-allocator-size-audio-worker=65536"
    "memorysetup-temp-allocator-size-cloud-worker=32768"
    "memorysetup-temp-allocator-size-gi-baking-worker=262144"
    "memorysetup-temp-allocator-size-gfx=262144"
Refreshing native plugins compatible for Editor in 72.70 ms, found 4 plugins.
Preloading 0 native plugins for Editor in 0.00 ms.
Initialize engine version: 2021.3.11f1 (0a5ca18544bf)
[Subsystems] Discovering subsystems at path C:/Program Files/Unity 2021.3.11f1/Editor/Data/Resources/UnitySubsystems
[Subsystems] Discovering subsystems at path C:/Users/hutch/OneDrive/Documents/GitHub/HeartBeat/Assets
GfxDevice: creating device client; threaded=0; jobified=0
Direct3D:
    Version:  Direct3D 11.0 [level 11.1]
    Renderer: NVIDIA GeForce RTX 3060 Ti (ID=0x2489)
    Vendor:   NVIDIA
    VRAM:     8050 MB
    Driver:   30.0.15.1215
Initialize mono
Mono path[0] = 'C:/Program Files/Unity 2021.3.11f1/Editor/Data/Managed'
Mono path[1] = 'C:/Program Files/Unity 2021.3.11f1/Editor/Data/MonoBleedingEdge/lib/mono/unityjit-win32'
Mono config path = 'C:/Program Files/Unity 2021.3.11f1/Editor/Data/MonoBleedingEdge/etc'
Using monoOptions --debugger-agent=transport=dt_socket,embedding=1,server=y,suspend=n,address=127.0.0.1:56120
Begin MonoManager ReloadAssembly
Registering precompiled unity dll's ...
Register platform support module: C:/Program Files/Unity 2021.3.11f1/Editor/Data/PlaybackEngines/WindowsStandaloneSupport/UnityEditor.WindowsStandalone.Extensions.dll
Registered in 0.002037 seconds.
Native extension for WindowsStandalone target not found
Refreshing native plugins compatible for Editor in 69.87 ms, found 4 plugins.
Preloading 0 native plugins for Editor in 0.00 ms.
Mono: successfully reloaded assembly
- Completed reload, in  0.387 seconds
Domain Reload Profiling:
	ReloadAssembly (387ms)
		BeginReloadAssembly (43ms)
			ExecutionOrderSort (0ms)
			DisableScriptedObjects (0ms)
			BackupInstance (0ms)
			ReleaseScriptingObjects (0ms)
			CreateAndSetChildDomain (0ms)
		EndReloadAssembly (280ms)
			LoadAssemblies (42ms)
			RebuildTransferFunctionScriptingTraits (0ms)
			SetupTypeCache (60ms)
			ReleaseScriptCaches (0ms)
			RebuildScriptCaches (16ms)
			SetupLoadedEditorAssemblies (173ms)
				LogAssemblyErrors (0ms)
				InitializePlatformSupportModulesInManaged (4ms)
				SetLoadedEditorAssemblies (0ms)
				RefreshPlugins (70ms)
				BeforeProcessingInitializeOnLoad (1ms)
				ProcessInitializeOnLoadAttributes (71ms)
				ProcessInitializeOnLoadMethodAttributes (26ms)
				AfterProcessingInitializeOnLoad (0ms)
				EditorAssembliesLoaded (0ms)
			ExecutionOrderSort2 (0ms)
			AwakeInstancesAfterBackupRestoration (0ms)
Platform modules already initialized, skipping
Registering precompiled user dll's ...
Registered in 0.004798 seconds.
Begin MonoManager ReloadAssembly
Symbol file LoadedFromMemory doesn't match image C:\Users\hutch\OneDrive\Documents\GitHub\HeartBeat\Library\PackageCache\com.unity.visualscripting@1.7.8\Editor\VisualScripting.Core\Dependencies\YamlDotNet\Unity.VisualScripting.YamlDotNet.dll
Symbol file LoadedFromMemory doesn't match image C:\Users\hutch\OneDrive\Documents\GitHub\HeartBeat\Library\PackageCache\com.unity.visualscripting@1.7.8\Editor\VisualScripting.Core\Dependencies\DotNetZip\Unity.VisualScripting.IonicZip.dll
Native extension for WindowsStandalone target not found
Refreshing native plugins compatible for Editor in 67.76 ms, found 4 plugins.
Preloading 0 native plugins for Editor in 0.00 ms.
Mono: successfully reloaded assembly
- Completed reload, in  0.739 seconds
Domain Reload Profiling:
	ReloadAssembly (739ms)
		BeginReloadAssembly (60ms)
			ExecutionOrderSort (0ms)
			DisableScriptedObjects (3ms)
			BackupInstance (0ms)
			ReleaseScriptingObjects (0ms)
			CreateAndSetChildDomain (10ms)
		EndReloadAssembly (613ms)
			LoadAssemblies (52ms)
			RebuildTransferFunctionScriptingTraits (0ms)
			SetupTypeCache (148ms)
			ReleaseScriptCaches (0ms)
			RebuildScriptCaches (37ms)
			SetupLoadedEditorAssemblies (345ms)
				LogAssemblyErrors (0ms)
				InitializePlatformSupportModulesInManaged (2ms)
				SetLoadedEditorAssemblies (0ms)
				RefreshPlugins (68ms)
				BeforeProcessingInitializeOnLoad (67ms)
				ProcessInitializeOnLoadAttributes (147ms)
				ProcessInitializeOnLoadMethodAttributes (57ms)
				AfterProcessingInitializeOnLoad (3ms)
				EditorAssembliesLoaded (0ms)
			ExecutionOrderSort2 (0ms)
			AwakeInstancesAfterBackupRestoration (4ms)
Platform modules already initialized, skipping
========================================================================
Worker process is ready to serve import requests
Launched and connected shader compiler UnityShaderCompiler.exe after 0.02 seconds
Refreshing native plugins compatible for Editor in 0.58 ms, found 4 plugins.
Preloading 0 native plugins for Editor in 0.00 ms.
Unloading 5541 Unused Serialized files (Serialized files now loaded: 0)
Unloading 43 unused Assets / (0.7 MB). Loaded Objects now: 5996.
Memory consumption went from 214.0 MB to 213.3 MB.
Total: 2.662300 ms (FindLiveObjects: 0.244800 ms CreateObjectMapping: 0.149600 ms MarkObjects: 2.096100 ms  DeleteObjects: 0.170900 ms)

AssetImportParameters requested are different than current active one (requested -> active):
  custom:video-decoder-ogg-theora: a1e56fd34408186e4bbccfd4996cb3dc -> 
  custom:container-muxer-webm: aa71ff27fc2769a1b78a27578f13a17b -> 
  custom:container-demuxer-webm: 4f35f7cbe854078d1ac9338744f61a02 -> 
  custom:video-encoder-webm-vp8: eb34c28f22e8b96e1ab97ce403110664 -> 
  custom:audio-encoder-webm-vorbis: bf7c407c2cedff20999df2af8eb42d56 -> 
  custom:framework-win-MediaFoundation: 216162199b28c13a410421893ffa2e32 -> 
  custom:container-demuxer-ogg: 62fdf1f143b41e24485cea50d1cbac27 -> 
  custom:video-decoder-webm-vp8: 9c59270c3fd7afecdb556c50c9e8de78 -> 
  custom:audio-decoder-ogg-vorbis: bf7c407c2cedff20999df2af8eb42d56 -> 
========================================================================
Received Prepare
Registering precompiled user dll's ...
Registered in 0.005786 seconds.
Begin MonoManager ReloadAssembly
Symbol file LoadedFromMemory doesn't match image C:\Users\hutch\OneDrive\Documents\GitHub\HeartBeat\Library\PackageCache\com.unity.visualscripting@1.7.8\Editor\VisualScripting.Core\Dependencies\YamlDotNet\Unity.VisualScripting.YamlDotNet.dll
Symbol file LoadedFromMemory doesn't match image C:\Users\hutch\OneDrive\Documents\GitHub\HeartBeat\Library\PackageCache\com.unity.visualscripting@1.7.8\Editor\VisualScripting.Core\Dependencies\DotNetZip\Unity.VisualScripting.IonicZip.dll
Native extension for WindowsStandalone target not found
Refreshing native plugins compatible for Editor in 0.63 ms, found 4 plugins.
Preloading 0 native plugins for Editor in 0.00 ms.
Mono: successfully reloaded assembly
- Completed reload, in  0.724 seconds
Domain Reload Profiling:
	ReloadAssembly (725ms)
		BeginReloadAssembly (88ms)
			ExecutionOrderSort (0ms)
			DisableScriptedObjects (4ms)
			BackupInstance (0ms)
			ReleaseScriptingObjects (0ms)
			CreateAndSetChildDomain (24ms)
		EndReloadAssembly (579ms)
			LoadAssemblies (60ms)
			RebuildTransferFunctionScriptingTraits (0ms)
			SetupTypeCache (181ms)
			ReleaseScriptCaches (1ms)
			RebuildScriptCaches (36ms)
			SetupLoadedEditorAssemblies (272ms)
				LogAssemblyErrors (0ms)
				InitializePlatformSupportModulesInManaged (8ms)
				SetLoadedEditorAssemblies (0ms)
				RefreshPlugins (1ms)
				BeforeProcessingInitializeOnLoad (60ms)
				ProcessInitializeOnLoadAttributes (143ms)
				ProcessInitializeOnLoadMethodAttributes (57ms)
				AfterProcessingInitializeOnLoad (3ms)
				EditorAssembliesLoaded (0ms)
			ExecutionOrderSort2 (0ms)
			AwakeInstancesAfterBackupRestoration (6ms)
Platform modules already initialized, skipping
Refreshing native plugins compatible for Editor in 1.90 ms, found 4 plugins.
Preloading 0 native plugins for Editor in 0.00 ms.
Unloading 5447 Unused Serialized files (Serialized files now loaded: 0)
Unloading 30 unused Assets / (0.7 MB). Loaded Objects now: 5999.
Memory consumption went from 205.5 MB to 204.8 MB.
Total: 2.628200 ms (FindLiveObjects: 0.284000 ms CreateObjectMapping: 0.148200 ms MarkObjects: 2.024000 ms  DeleteObjects: 0.170900 ms)

AssetImportParameters requested are different than current active one (requested -> active):
  custom:video-decoder-ogg-theora: a1e56fd34408186e4bbccfd4996cb3dc -> 
  custom:container-muxer-webm: aa71ff27fc2769a1b78a27578f13a17b -> 
  custom:container-demuxer-webm: 4f35f7cbe854078d1ac9338744f61a02 -> 
  custom:video-encoder-webm-vp8: eb34c28f22e8b96e1ab97ce403110664 -> 
  custom:audio-encoder-webm-vorbis: bf7c407c2cedff20999df2af8eb42d56 -> 
  custom:framework-win-MediaFoundation: 216162199b28c13a410421893ffa2e32 -> 
  custom:container-demuxer-ogg: 62fdf1f143b41e24485cea50d1cbac27 -> 
  custom:video-decoder-webm-vp8: 9c59270c3fd7afecdb556c50c9e8de78 -> 
  custom:audio-decoder-ogg-vorbis: bf7c407c2cedff20999df2af8eb42d56 -> 
========================================================================
Received Prepare
Registering precompiled user dll's ...
Registered in 0.005498 seconds.
Begin MonoManager ReloadAssembly
Symbol file LoadedFromMemory doesn't match image C:\Users\hutch\OneDrive\Documents\GitHub\HeartBeat\Library\PackageCache\com.unity.visualscripting@1.7.8\Editor\VisualScripting.Core\Dependencies\YamlDotNet\Unity.VisualScripting.YamlDotNet.dll
Symbol file LoadedFromMemory doesn't match image C:\Users\hutch\OneDrive\Documents\GitHub\HeartBeat\Library\PackageCache\com.unity.visualscripting@1.7.8\Editor\VisualScripting.Core\Dependencies\DotNetZip\Unity.VisualScripting.IonicZip.dll
Native extension for WindowsStandalone target not found
Refreshing native plugins compatible for Editor in 0.58 ms, found 4 plugins.
Preloading 0 native plugins for Editor in 0.00 ms.
Mono: successfully reloaded assembly
- Completed reload, in  0.690 seconds
Domain Reload Profiling:
	ReloadAssembly (690ms)
		BeginReloadAssembly (81ms)
			ExecutionOrderSort (0ms)
			DisableScriptedObjects (4ms)
			BackupInstance (0ms)
			ReleaseScriptingObjects (0ms)
			CreateAndSetChildDomain (23ms)
		EndReloadAssembly (549ms)
			LoadAssemblies (55ms)
			RebuildTransferFunctionScriptingTraits (0ms)
			SetupTypeCache (157ms)
			ReleaseScriptCaches (1ms)
			RebuildScriptCaches (30ms)
			SetupLoadedEditorAssemblies (272ms)
				LogAssemblyErrors (0ms)
				InitializePlatformSupportModulesInManaged (8ms)
				SetLoadedEditorAssemblies (0ms)
				RefreshPlugins (1ms)
				BeforeProcessingInitializeOnLoad (56ms)
				ProcessInitializeOnLoadAttributes (144ms)
				ProcessInitializeOnLoadMethodAttributes (58ms)
				AfterProcessingInitializeOnLoad (4ms)
				EditorAssembliesLoaded (0ms)
			ExecutionOrderSort2 (0ms)
			AwakeInstancesAfterBackupRestoration (7ms)
Platform modules already initialized, skipping
Refreshing native plugins compatible for Editor in 1.82 ms, found 4 plugins.
Preloading 0 native plugins for Editor in 0.00 ms.
Unloading 5447 Unused Serialized files (Serialized files now loaded: 0)
Unloading 30 unused Assets / (0.7 MB). Loaded Objects now: 6002.
Memory consumption went from 205.5 MB to 204.8 MB.
Total: 2.832300 ms (FindLiveObjects: 0.218900 ms CreateObjectMapping: 0.186900 ms MarkObjects: 2.237400 ms  DeleteObjects: 0.188400 ms)

AssetImportParameters requested are different than current active one (requested -> active):
  custom:video-decoder-ogg-theora: a1e56fd34408186e4bbccfd4996cb3dc -> 
  custom:container-muxer-webm: aa71ff27fc2769a1b78a27578f13a17b -> 
  custom:container-demuxer-webm: 4f35f7cbe854078d1ac9338744f61a02 -> 
  custom:video-encoder-webm-vp8: eb34c28f22e8b96e1ab97ce403110664 -> 
  custom:audio-encoder-webm-vorbis: bf7c407c2cedff20999df2af8eb42d56 -> 
  custom:framework-win-MediaFoundation: 216162199b28c13a410421893ffa2e32 -> 
  custom:container-demuxer-ogg: 62fdf1f143b41e24485cea50d1cbac27 -> 
  custom:video-decoder-webm-vp8: 9c59270c3fd7afecdb556c50c9e8de78 -> 
  custom:audio-decoder-ogg-vorbis: bf7c407c2cedff20999df2af8eb42d56 -> 
========================================================================
Received Import Request.
  Time since last request: 15981.493506 seconds.
  path: Assets/Scenes/StartScene.unity
  artifactKey: Guid(0bd5a6f7905346f46b7469405d54322d) Importer(815301076,1909f56bfc062723c751e8b465ee728b)
Start importing Assets/Scenes/StartScene.unity using Guid(0bd5a6f7905346f46b7469405d54322d) Importer(815301076,1909f56bfc062723c751e8b465ee728b)  -> (artifact id: '3bc8c3a2276e3ff47a1ffc77e367df23') in 0.010935 seconds 
========================================================================
Received Import Request.
  Time since last request: 12.733511 seconds.
  path: Assets/Scenes/HEART-BEAT.png
  artifactKey: Guid(5811cf4bea231fc43b74c0f4e974eaf0) Importer(815301076,1909f56bfc062723c751e8b465ee728b)
Start importing Assets/Scenes/HEART-BEAT.png using Guid(5811cf4bea231fc43b74c0f4e974eaf0) Importer(815301076,1909f56bfc062723c751e8b465ee728b)  -> (artifact id: '6638df0ab72e0639e621b6687c903391') in 0.100346 seconds 
========================================================================
Received Import Request.
  Time since last request: 0.473120 seconds.
  path: Assets/Scenes/ChooseModeScene.unity
  artifactKey: Guid(b288b7e4dbde09c41bec04cf5f50f5ea) Importer(815301076,1909f56bfc062723c751e8b465ee728b)
Start importing Assets/Scenes/ChooseModeScene.unity using Guid(b288b7e4dbde09c41bec04cf5f50f5ea) Importer(815301076,1909f56bfc062723c751e8b465ee728b)  -> (artifact id: 'adc714385bc565cde3937e8051d939b3') in 0.004728 seconds 
========================================================================
Received Import Request.
  Time since last request: 1.404297 seconds.
  path: Assets/Scenes/Splash3
  artifactKey: Guid(0f097da456e97a94fabec7ed174fc93c) Importer(815301076,1909f56bfc062723c751e8b465ee728b)
Start importing Assets/Scenes/Splash3 using Guid(0f097da456e97a94fabec7ed174fc93c) Importer(815301076,1909f56bfc062723c751e8b465ee728b)  -> (artifact id: '1a561225bf7ead99c26d28fea5b98a45') in 0.004433 seconds 
========================================================================
Received Import Request.
  Time since last request: 1.749769 seconds.
  path: Assets/Scenes/Splash3/Splash3 Camera Controller.controller
  artifactKey: Guid(aa47626fc568f3f44abea6be85c8e3c6) Importer(815301076,1909f56bfc062723c751e8b465ee728b)
Start importing Assets/Scenes/Splash3/Splash3 Camera Controller.controller using Guid(aa47626fc568f3f44abea6be85c8e3c6) Importer(815301076,1909f56bfc062723c751e8b465ee728b)  -> (artifact id: '76c855c0309eb009129ff6b24bd2a06b') in 0.008356 seconds 
========================================================================
Received Import Request.
  Time since last request: 1.706279 seconds.
  path: Assets/Scenes/Outcome Scenes
  artifactKey: Guid(5cb8a6c656424b6499d3be36b9dbfb2b) Importer(815301076,1909f56bfc062723c751e8b465ee728b)
Start importing Assets/Scenes/Outcome Scenes using Guid(5cb8a6c656424b6499d3be36b9dbfb2b) Importer(815301076,1909f56bfc062723c751e8b465ee728b)  -> (artifact id: 'b40bdd2b77236dca28ed9d6445a62829') in 0.004852 seconds 
========================================================================
Received Import Request.
  Time since last request: 25.267137 seconds.
  path: Assets/Scenes/Splash1
  artifactKey: Guid(476a795b50b8aaf4cb963c5bad859918) Importer(815301076,1909f56bfc062723c751e8b465ee728b)
Start importing Assets/Scenes/Splash1 using Guid(476a795b50b8aaf4cb963c5bad859918) Importer(815301076,1909f56bfc062723c751e8b465ee728b)  -> (artifact id: '01badaac067971061a8e8516c8092d92') in 0.004898 seconds 
========================================================================
Received Import Request.
  Time since last request: 2.504634 seconds.
  path: Assets/Scenes/Old Scenes
  artifactKey: Guid(bac4b80af8ea89241b1633bd4541ee3b) Importer(815301076,1909f56bfc062723c751e8b465ee728b)
Start importing Assets/Scenes/Old Scenes using Guid(bac4b80af8ea89241b1633bd4541ee3b) Importer(815301076,1909f56bfc062723c751e8b465ee728b)  -> (artifact id: '2c78ca25d0b152c065a71289d7a900cf') in 0.004739 seconds 
========================================================================
Received Import Request.
  Time since last request: 2.975092 seconds.
  path: Assets/Scenes/LevelScene
  artifactKey: Guid(05492fe465628f84cbf0fae2d50aca5a) Importer(815301076,1909f56bfc062723c751e8b465ee728b)
Start importing Assets/Scenes/LevelScene using Guid(05492fe465628f84cbf0fae2d50aca5a) Importer(815301076,1909f56bfc062723c751e8b465ee728b)  -> (artifact id: '9f1e285391a60e833dfc93d4e85a7b9b') in 0.005282 seconds 
========================================================================
Received Import Request.
  Time since last request: 6.891561 seconds.
  path: Assets/Scenes/Other Scenes
  artifactKey: Guid(7c8e02b142de1a24c8afd30f4df6297a) Importer(815301076,1909f56bfc062723c751e8b465ee728b)
Start importing Assets/Scenes/Other Scenes using Guid(7c8e02b142de1a24c8afd30f4df6297a) Importer(815301076,1909f56bfc062723c751e8b465ee728b)  -> (artifact id: '230f4f735b6b28748ba387ca327e4e66') in 0.004914 seconds 
========================================================================
Received Import Request.
  Time since last request: 1.241942 seconds.
  path: Assets/Scenes/Other Scenes/HighscoreScene.unity
  artifactKey: Guid(73306962bc8829f42b6af6cc4bfa3f33) Importer(815301076,1909f56bfc062723c751e8b465ee728b)
Start importing Assets/Scenes/Other Scenes/HighscoreScene.unity using Guid(73306962bc8829f42b6af6cc4bfa3f33) Importer(815301076,1909f56bfc062723c751e8b465ee728b)  -> (artifact id: '8b3697c3e95ed71efc8c692500502198') in 0.006029 seconds 
========================================================================
Received Import Request.
  Time since last request: 2.725337 seconds.
  path: Assets/Scenes/Other Scenes/PauseScene.unity
  artifactKey: Guid(dbe89e3fbd3554e47a53dab224553580) Importer(815301076,1909f56bfc062723c751e8b465ee728b)
Start importing Assets/Scenes/Other Scenes/PauseScene.unity using Guid(dbe89e3fbd3554e47a53dab224553580) Importer(815301076,1909f56bfc062723c751e8b465ee728b)  -> (artifact id: '821f9972c8285dcfd6a06e2c04c25a85') in 0.004539 seconds 
========================================================================
Received Import Request.
  Time since last request: 4.601340 seconds.
  path: Assets/Scenes/Updated Long Notes
  artifactKey: Guid(282f874eef48bbf46a91a6dedbfa9a4a) Importer(815301076,1909f56bfc062723c751e8b465ee728b)
Start importing Assets/Scenes/Updated Long Notes using Guid(282f874eef48bbf46a91a6dedbfa9a4a) Importer(815301076,1909f56bfc062723c751e8b465ee728b)  -> (artifact id: '31a56cac20bb70aaa0481e7ae36d3d70') in 0.004780 seconds 
========================================================================
Received Import Request.
  Time since last request: 1.826098 seconds.
  path: Assets/Scenes/2.png
  artifactKey: Guid(2da533b7fcc7ad9449e53989e52ee0cb) Importer(815301076,1909f56bfc062723c751e8b465ee728b)
Start importing Assets/Scenes/2.png using Guid(2da533b7fcc7ad9449e53989e52ee0cb) Importer(815301076,1909f56bfc062723c751e8b465ee728b)  -> (artifact id: '0eef100bd15c79df5665d700b5888b6f') in 0.023533 seconds 
========================================================================
Received Import Request.
  Time since last request: 2.405328 seconds.
  path: Assets/Scenes/ChooseLevelScene.unity
  artifactKey: Guid(0dd6933d2b2945349b871d542b700506) Importer(815301076,1909f56bfc062723c751e8b465ee728b)
Start importing Assets/Scenes/ChooseLevelScene.unity using Guid(0dd6933d2b2945349b871d542b700506) Importer(815301076,1909f56bfc062723c751e8b465ee728b)  -> (artifact id: '0e478264b010dbd7948b1250c3b3ad29') in 0.004935 seconds 
========================================================================
Received Import Request.
  Time since last request: 449.537948 seconds.
  path: Assets/Resources/1-Hard.txt
  artifactKey: Guid(34ec5c02867145042be654a50eea5e7b) Importer(815301076,1909f56bfc062723c751e8b465ee728b)
Start importing Assets/Resources/1-Hard.txt using Guid(34ec5c02867145042be654a50eea5e7b) Importer(815301076,1909f56bfc062723c751e8b465ee728b)  -> (artifact id: 'fc11def7bacf89b84e800fc845e6f7ec') in 0.013654 seconds 
========================================================================
Received Import Request.
  Time since last request: 1.410262 seconds.
  path: Assets/Resources/2-Hard.txt
  artifactKey: Guid(3c929283982ab42408c59d6fa7386124) Importer(815301076,1909f56bfc062723c751e8b465ee728b)
Start importing Assets/Resources/2-Hard.txt using Guid(3c929283982ab42408c59d6fa7386124) Importer(815301076,1909f56bfc062723c751e8b465ee728b)  -> (artifact id: 'b68dc43dc42431166953cb3366face83') in 0.005520 seconds 
========================================================================
Received Import Request.
  Time since last request: 21.890444 seconds.
  path: Assets/Scenes/Old Scenes/HighScores.unity
  artifactKey: Guid(94d7fb7c54a8d074f9f28fd333add0a6) Importer(815301076,1909f56bfc062723c751e8b465ee728b)
Start importing Assets/Scenes/Old Scenes/HighScores.unity using Guid(94d7fb7c54a8d074f9f28fd333add0a6) Importer(815301076,1909f56bfc062723c751e8b465ee728b)  -> (artifact id: '87e3fe9c955b6e807e1a6b4e5bdb6a70') in 0.004730 seconds 
========================================================================
Received Import Request.
  Time since last request: 1.206970 seconds.
  path: Assets/Scenes/Old Scenes/LevelSelectMenu.unity
  artifactKey: Guid(5c0623464be599a49be0f9b24e84cabd) Importer(815301076,1909f56bfc062723c751e8b465ee728b)
Start importing Assets/Scenes/Old Scenes/LevelSelectMenu.unity using Guid(5c0623464be599a49be0f9b24e84cabd) Importer(815301076,1909f56bfc062723c751e8b465ee728b)  -> (artifact id: '6d2b37f6935f56ed9f730dabaab79ccc') in 0.004849 seconds 
========================================================================
Received Import Request.
  Time since last request: 3.179366 seconds.
  path: Assets/Scenes/Old Scenes/ModeSelectMenu.unity
  artifactKey: Guid(b7d50ae493be9064c9826929b87959aa) Importer(815301076,1909f56bfc062723c751e8b465ee728b)
Start importing Assets/Scenes/Old Scenes/ModeSelectMenu.unity using Guid(b7d50ae493be9064c9826929b87959aa) Importer(815301076,1909f56bfc062723c751e8b465ee728b)  -> (artifact id: 'eabcf83a6e79e47262f91e0f7395e888') in 0.004556 seconds 
========================================================================
Received Import Request.
  Time since last request: 47.939581 seconds.
  path: Assets/Scenes/Outcome Scenes/WonLevel.unity
  artifactKey: Guid(8a6f95b5496b3d941b44b2ef88ff7146) Importer(815301076,1909f56bfc062723c751e8b465ee728b)
Start importing Assets/Scenes/Outcome Scenes/WonLevel.unity using Guid(8a6f95b5496b3d941b44b2ef88ff7146) Importer(815301076,1909f56bfc062723c751e8b465ee728b)  -> (artifact id: 'aa95b0dcf64303350f83f700abd2b79a') in 0.004770 seconds 
========================================================================
Received Prepare
Registering precompiled user dll's ...
Registered in 0.005069 seconds.
Begin MonoManager ReloadAssembly
Symbol file LoadedFromMemory doesn't match image C:\Users\hutch\OneDrive\Documents\GitHub\HeartBeat\Library\PackageCache\com.unity.visualscripting@1.7.8\Editor\VisualScripting.Core\Dependencies\YamlDotNet\Unity.VisualScripting.YamlDotNet.dll
Symbol file LoadedFromMemory doesn't match image C:\Users\hutch\OneDrive\Documents\GitHub\HeartBeat\Library\PackageCache\com.unity.visualscripting@1.7.8\Editor\VisualScripting.Core\Dependencies\DotNetZip\Unity.VisualScripting.IonicZip.dll
Native extension for WindowsStandalone target not found
Refreshing native plugins compatible for Editor in 0.65 ms, found 4 plugins.
Preloading 0 native plugins for Editor in 0.00 ms.
Mono: successfully reloaded assembly
- Completed reload, in  0.690 seconds
Domain Reload Profiling:
	ReloadAssembly (690ms)
		BeginReloadAssembly (84ms)
			ExecutionOrderSort (0ms)
			DisableScriptedObjects (4ms)
			BackupInstance (0ms)
			ReleaseScriptingObjects (0ms)
			CreateAndSetChildDomain (26ms)
		EndReloadAssembly (548ms)
			LoadAssemblies (56ms)
			RebuildTransferFunctionScriptingTraits (0ms)
			SetupTypeCache (158ms)
			ReleaseScriptCaches (1ms)
			RebuildScriptCaches (30ms)
			SetupLoadedEditorAssemblies (272ms)
				LogAssemblyErrors (0ms)
				InitializePlatformSupportModulesInManaged (8ms)
				SetLoadedEditorAssemblies (0ms)
				RefreshPlugins (1ms)
				BeforeProcessingInitializeOnLoad (55ms)
				ProcessInitializeOnLoadAttributes (146ms)
				ProcessInitializeOnLoadMethodAttributes (58ms)
				AfterProcessingInitializeOnLoad (4ms)
				EditorAssembliesLoaded (0ms)
			ExecutionOrderSort2 (0ms)
			AwakeInstancesAfterBackupRestoration (6ms)
Platform modules already initialized, skipping
Refreshing native plugins compatible for Editor in 1.66 ms, found 4 plugins.
Preloading 0 native plugins for Editor in 0.00 ms.
Unloading 5447 Unused Serialized files (Serialized files now loaded: 0)
Unloading 30 unused Assets / (0.7 MB). Loaded Objects now: 6012.
Memory consumption went from 209.6 MB to 208.9 MB.
Total: 2.523800 ms (FindLiveObjects: 0.237000 ms CreateObjectMapping: 0.136500 ms MarkObjects: 1.970300 ms  DeleteObjects: 0.179200 ms)

AssetImportParameters requested are different than current active one (requested -> active):
  custom:video-decoder-ogg-theora: a1e56fd34408186e4bbccfd4996cb3dc -> 
  custom:container-muxer-webm: aa71ff27fc2769a1b78a27578f13a17b -> 
  custom:container-demuxer-webm: 4f35f7cbe854078d1ac9338744f61a02 -> 
  custom:video-encoder-webm-vp8: eb34c28f22e8b96e1ab97ce403110664 -> 
  custom:audio-encoder-webm-vorbis: bf7c407c2cedff20999df2af8eb42d56 -> 
  custom:framework-win-MediaFoundation: 216162199b28c13a410421893ffa2e32 -> 
  custom:container-demuxer-ogg: 62fdf1f143b41e24485cea50d1cbac27 -> 
  custom:video-decoder-webm-vp8: 9c59270c3fd7afecdb556c50c9e8de78 -> 
  custom:audio-decoder-ogg-vorbis: bf7c407c2cedff20999df2af8eb42d56 -> 
========================================================================
Received Prepare
Registering precompiled user dll's ...
Registered in 0.004936 seconds.
Begin MonoManager ReloadAssembly
Symbol file LoadedFromMemory doesn't match image C:\Users\hutch\OneDrive\Documents\GitHub\HeartBeat\Library\PackageCache\com.unity.visualscripting@1.7.8\Editor\VisualScripting.Core\Dependencies\YamlDotNet\Unity.VisualScripting.YamlDotNet.dll
Symbol file LoadedFromMemory doesn't match image C:\Users\hutch\OneDrive\Documents\GitHub\HeartBeat\Library\PackageCache\com.unity.visualscripting@1.7.8\Editor\VisualScripting.Core\Dependencies\DotNetZip\Unity.VisualScripting.IonicZip.dll
Native extension for WindowsStandalone target not found
Refreshing native plugins compatible for Editor in 0.67 ms, found 4 plugins.
Preloading 0 native plugins for Editor in 0.00 ms.
Mono: successfully reloaded assembly
- Completed reload, in  0.694 seconds
Domain Reload Profiling:
	ReloadAssembly (695ms)
		BeginReloadAssembly (81ms)
			ExecutionOrderSort (0ms)
			DisableScriptedObjects (4ms)
			BackupInstance (0ms)
			ReleaseScriptingObjects (0ms)
			CreateAndSetChildDomain (23ms)
		EndReloadAssembly (556ms)
			LoadAssemblies (57ms)
			RebuildTransferFunctionScriptingTraits (0ms)
			SetupTypeCache (156ms)
			ReleaseScriptCaches (1ms)
			RebuildScriptCaches (32ms)
			SetupLoadedEditorAssemblies (278ms)
				LogAssemblyErrors (0ms)
				InitializePlatformSupportModulesInManaged (8ms)
				SetLoadedEditorAssemblies (0ms)
				RefreshPlugins (1ms)
				BeforeProcessingInitializeOnLoad (57ms)
				ProcessInitializeOnLoadAttributes (148ms)
				ProcessInitializeOnLoadMethodAttributes (60ms)
				AfterProcessingInitializeOnLoad (3ms)
				EditorAssembliesLoaded (0ms)
			ExecutionOrderSort2 (0ms)
			AwakeInstancesAfterBackupRestoration (7ms)
Platform modules already initialized, skipping
Refreshing native plugins compatible for Editor in 1.73 ms, found 4 plugins.
Preloading 0 native plugins for Editor in 0.00 ms.
Unloading 5447 Unused Serialized files (Serialized files now loaded: 0)
Unloading 30 unused Assets / (0.7 MB). Loaded Objects now: 6015.
Memory consumption went from 209.6 MB to 208.9 MB.
Total: 2.529900 ms (FindLiveObjects: 0.228700 ms CreateObjectMapping: 0.151100 ms MarkObjects: 1.956500 ms  DeleteObjects: 0.193100 ms)

AssetImportParameters requested are different than current active one (requested -> active):
  custom:video-decoder-ogg-theora: a1e56fd34408186e4bbccfd4996cb3dc -> 
  custom:container-muxer-webm: aa71ff27fc2769a1b78a27578f13a17b -> 
  custom:container-demuxer-webm: 4f35f7cbe854078d1ac9338744f61a02 -> 
  custom:video-encoder-webm-vp8: eb34c28f22e8b96e1ab97ce403110664 -> 
  custom:audio-encoder-webm-vorbis: bf7c407c2cedff20999df2af8eb42d56 -> 
  custom:framework-win-MediaFoundation: 216162199b28c13a410421893ffa2e32 -> 
  custom:container-demuxer-ogg: 62fdf1f143b41e24485cea50d1cbac27 -> 
  custom:video-decoder-webm-vp8: 9c59270c3fd7afecdb556c50c9e8de78 -> 
  custom:audio-decoder-ogg-vorbis: bf7c407c2cedff20999df2af8eb42d56 -> 
========================================================================
Received Import Request.
  Time since last request: 157.946094 seconds.
  path: Assets/Scenes/Outcome Scenes/LostLevel.unity
  artifactKey: Guid(4297612df244a0f4baab2de684ba0bbe) Importer(815301076,1909f56bfc062723c751e8b465ee728b)
Start importing Assets/Scenes/Outcome Scenes/LostLevel.unity using Guid(4297612df244a0f4baab2de684ba0bbe) Importer(815301076,1909f56bfc062723c751e8b465ee728b)  -> (artifact id: 'be212c17bf0acf9fc5368d8fa2ea6590') in 0.011514 seconds 
